<?xml version="1.0" encoding="UTF-8"?>
<!-- Generated by org.testng.reporters.JUnitReportReporter -->
<testsuite hostname="DESKTOP-6IUA5CP" failures="0" tests="1" name="TestCaseExecution.FacebookTest" time="21.279" errors="0" timestamp="2 Mar 2021 10:36:26 GMT">
  <testcase classname="TestCaseExecution.FacebookTest" name="LoginPageOne" time="21.279"/>
</testsuite> <!-- TestCaseExecution.FacebookTest -->
