<?xml version="1.0" encoding="UTF-8"?>
<!-- Generated by org.testng.reporters.JUnitReportReporter -->
<testsuite hostname="DESKTOP-6IUA5CP" failures="0" tests="1" name="TestCaseExecution.FacebookTest_DataDriven" time="22.264" errors="0" timestamp="2021-03-08T21:25:22 AEDT" skipped="0">
  <testcase classname="TestCaseExecution.FacebookTest_DataDriven" name="LoginPageOne" time="22.264"/>
  <system-out/>
</testsuite> <!-- TestCaseExecution.FacebookTest_DataDriven -->
